<?xml version="1.0" encoding="UTF-8"?>
<!-- Generated by org.testng.reporters.JUnitXMLReporter -->
<testsuite ignored="0" hostname="Spoorthi" failures="0" tests="14" name="Google UI Tests" time="22.06" errors="0" timestamp="2025-08-02T15:52:33 IST">
  <testcase classname="com.demo.GoogleUIValidationTest" name="validateGoogleSearchUI" time="1.02"/>
  <testcase classname="com.demo.GoogleUIValidationTest" name="validateGoogleSearchUI" time="0.752"/>
  <testcase classname="com.demo.GoogleUIValidationTest" name="validateGoogleSearchUI" time="0.517"/>
  <testcase classname="com.demo.GoogleUIValidationTest" name="validateGoogleSearchUI" time="0.579"/>
  <testcase classname="com.demo.GoogleUIValidationTest" name="validateGoogleSearchUI" time="0.431"/>
  <testcase classname="com.demo.GoogleUIValidationTest" name="validateGoogleSearchUI" time="0.995"/>
  <testcase classname="com.demo.GoogleUIValidationTest" name="validateGoogleSearchUI" time="0.968"/>
  <testcase classname="com.demo.GoogleUIValidationTest" name="validateGoogleSearchUI" time="1.204"/>
  <testcase classname="com.demo.GoogleUIValidationTest" name="validateGoogleSearchUI" time="1.137"/>
  <testcase classname="com.demo.GoogleUIValidationTest" name="validateGoogleSearchUI" time="1.214"/>
  <testcase classname="com.demo.GoogleUIValidationTest" name="validateGoogleSearchUI" time="1.213"/>
  <testcase classname="com.demo.GoogleUIValidationTest" name="validateGoogleSearchUI" time="1.021"/>
  <testcase classname="com.demo.GoogleUIValidationTest" name="validateGoogleSearchUI" time="3.351"/>
  <testcase classname="com.demo.GoogleUIValidationTest" name="validateGoogleSearchUI" time="3.182"/>
</testsuite> <!-- Google UI Tests -->
