<?xml version="1.0" encoding="UTF-8"?>
<testsuite xmlns:xsi="http://www.w3.org/2001/XMLSchema-instance" xsi:noNamespaceSchemaLocation="https://maven.apache.org/surefire/maven-surefire-plugin/xsd/surefire-test-report-3.0.xsd" version="3.0" name="TestSuite" time="22.58" tests="14" errors="0" skipped="0" failures="0">
  <properties>
[...]
</properties>
  <testcase name="validateGoogleSearchUI[TC1, Google Logo, displayed, //div[@class=&apos;k1zIA rSk4se&apos;], Google logo is visible](1)" classname="com.demo.GoogleUIValidationTest" time="1.022">
    <system-out><![CDATA[Google logo is visible: verified
]]></system-out>
    <system-err><![CDATA[SLF4J: Failed to load class "org.slf4j.impl.StaticLoggerBinder".
SLF4J: Defaulting to no-operation (NOP) logger implementation
SLF4J: See http://www.slf4j.org/codes.html#StaticLoggerBinder for further details.
Aug 02, 2025 3:52:14 PM org.openqa.selenium.devtools.CdpVersionFinder findNearestMatch
WARNING: Unable to find CDP implementation matching 138
Aug 02, 2025 3:52:14 PM org.openqa.selenium.chromium.ChromiumDriver lambda$new$5
WARNING: Unable to find version of CDP to use for 138.0.7204.184. You may need to include a dependency on a specific version of the CDP using something similar to `org.seleniumhq.selenium:selenium-devtools-v86:4.21.0` where the version ("v86") matches the version of the chromium-based browser you're using and the version number of the artifact is the same as Selenium's.
ERROR StatusLogger Log4j2 could not find a logging implementation. Please add log4j-core to the classpath. Using SimpleLogger to log to the console...
]]></system-err>
  </testcase>
  <testcase name="validateGoogleSearchUI[TC2, Search Bar, displayed, //div[@class=&apos;RNNXgb&apos;], Search Bar is visible](2)" classname="com.demo.GoogleUIValidationTest" time="0.751">
    <system-out><![CDATA[Search Bar is visible: verified
]]></system-out>
  </testcase>
  <testcase name="validateGoogleSearchUI[TC3, About, displayed, //a[@class=&apos;MV3Tnb&apos; and text()=&apos;About&apos;], About is visible](3)" classname="com.demo.GoogleUIValidationTest" time="0.517">
    <system-out><![CDATA[About is visible: verified
]]></system-out>
  </testcase>
  <testcase name="validateGoogleSearchUI[TC4, Store, displayed, //a[@class=&apos;MV3Tnb&apos; and text()=&apos;Store&apos;], Store is visible](4)" classname="com.demo.GoogleUIValidationTest" time="0.58">
    <system-out><![CDATA[Store is visible: verified
]]></system-out>
  </testcase>
  <testcase name="validateGoogleSearchUI[TC5, Gmail, displayed, //a[@class=&apos;gb_X&apos; and contains(text(), &apos;Gmail&apos;)], Gmail is visible](5)" classname="com.demo.GoogleUIValidationTest" time="0.43">
    <system-out><![CDATA[Gmail is visible: verified
]]></system-out>
  </testcase>
  <testcase name="validateGoogleSearchUI[TC6, Images, displayed, //a[@class=&apos;gb_X&apos; and text()=&apos;Images&apos;], Images is visible](6)" classname="com.demo.GoogleUIValidationTest" time="0.998">
    <system-out><![CDATA[Images is visible: verified
]]></system-out>
  </testcase>
  <testcase name="validateGoogleSearchUI[TC7, Google Apps, displayed, //a[@class=&apos;gb_B&apos;][@aria-label=&quot;Google apps&quot;], Google Apps is visible](7)" classname="com.demo.GoogleUIValidationTest" time="0.967">
    <system-out><![CDATA[Google Apps is visible: verified
]]></system-out>
  </testcase>
  <testcase name="validateGoogleSearchUI[TC8, Account Sign in button, displayed, //div[@class=&apos;gb_z&apos;], Account Sign in button is visible](8)" classname="com.demo.GoogleUIValidationTest" time="1.205">
    <system-out><![CDATA[Account Sign in button is visible: verified
]]></system-out>
  </testcase>
  <testcase name="validateGoogleSearchUI[TC9, I&apos;m Feeling Lucky button, displayed, //div[@class=&apos;FPdoLc lJ9FBc&apos;]//input[@class=&apos;RNmpXc&apos;][@name=&apos;btnI&apos;], I&apos;m Feeling Lucky button is visible](9)" classname="com.demo.GoogleUIValidationTest" time="1.138">
    <system-out><![CDATA[I'm Feeling Lucky button is visible: verified
]]></system-out>
  </testcase>
  <testcase name="validateGoogleSearchUI[TC10, Google Search button, displayed, //div[@class=&apos;FPdoLc lJ9FBc&apos;]//input[@class=&apos;gNO89b&apos;][@name=&apos;btnK&apos;], Google Search button is visible](10)" classname="com.demo.GoogleUIValidationTest" time="1.217">
    <system-out><![CDATA[Google Search button is visible: verified
]]></system-out>
  </testcase>
  <testcase name="validateGoogleSearchUI[TC11, India, displayed, //div[@class=&apos;uU7dJb&apos; and text()=&apos;India&apos;], location in footer &quot;India&quot; is visible](11)" classname="com.demo.GoogleUIValidationTest" time="1.212">
    <system-out><![CDATA[location in footer "India" is visible: verified
]]></system-out>
  </testcase>
  <testcase name="validateGoogleSearchUI[TC12, Search Bar, click, //textarea[@class=&apos;gLFyf&apos;], Clicked inside search bar](12)" classname="com.demo.GoogleUIValidationTest" time="1.023">
    <system-out><![CDATA[Clicked inside search bar: Clicked
]]></system-out>
  </testcase>
  <testcase name="validateGoogleSearchUI[TC13, Search Bar, sendkeys, //textarea[@class=&apos;gLFyf&apos;], text entered](13)" classname="com.demo.GoogleUIValidationTest" time="3.348">
    <system-out><![CDATA[text entered: Input sent
📸 Screenshot saved: D:\User\AutomationWorkspace\GoogleSearchTest\screenshots\TC13_20250802_155229.png
]]></system-out>
  </testcase>
  <testcase name="validateGoogleSearchUI[TC14, -, takeshot, -, Screenshot taken](14)" classname="com.demo.GoogleUIValidationTest" time="3.184">
    <system-out><![CDATA[📸 Screenshot saved: D:\User\AutomationWorkspace\GoogleSearchTest\screenshots\TC14_20250802_155233.png
]]></system-out>
  </testcase>
</testsuite>